2023-08-03 19:05:29.899 [main] INFO  com.busyqa.tests.EcommTest - Initiating the Ecom Tests
2023-08-03 19:05:30.138 [main] INFO  com.busyqa.tests.EcommTest - Initiating the Extent reports
2023-08-03 19:05:31.700 [main] INFO  com.busyqa.tests.EcommTest - Running tests in Chrome Browser
2023-08-03 19:05:43.334 [main] INFO  com.busyqa.tests.EcommTest - Running tests in Chrome Browser
2023-08-03 19:33:42.708 [main] INFO  com.busyqa.tests.EcommTest - Initiating the Ecom Tests
2023-08-03 19:33:42.949 [main] INFO  com.busyqa.tests.EcommTest - Initiating the Extent reports
2023-08-03 19:33:44.274 [main] INFO  com.busyqa.tests.EcommTest - Running tests in Chrome Browser
2023-08-03 19:33:56.703 [main] INFO  com.busyqa.tests.EcommTest - Running tests in Chrome Browser
2023-08-03 19:34:06.603 [main] INFO  com.busyqa.tests.EcommTest - Running tests in Chrome Browser
2023-08-03 19:34:15.983 [main] INFO  com.busyqa.tests.EcommTest - Running tests in Chrome Browser
2023-08-03 19:34:25.965 [main] INFO  com.busyqa.tests.EcommTest - Running tests in Chrome Browser
2023-08-03 19:34:35.405 [main] INFO  com.busyqa.tests.EcommTest - Running tests in Chrome Browser
2023-08-03 19:57:43.501 [main] INFO  com.busyqa.tests.EcommTest - Initiating the Extent reports
2023-08-03 19:57:44.841 [main] INFO  com.busyqa.tests.EcommTest - Running in envSTAGING
2023-08-03 19:57:44.841 [main] INFO  com.busyqa.tests.EcommTest - Initiating the Ecom Tests
2023-08-03 19:57:44.918 [main] INFO  com.busyqa.tests.EcommTest - Running tests in Chrome Browser
2023-08-03 19:57:55.600 [main] INFO  com.busyqa.tests.EcommTest - Running tests in Chrome Browser
2023-08-03 19:58:07.616 [main] INFO  com.busyqa.tests.EcommTest - Running tests in Chrome Browser
2023-08-03 19:58:19.855 [main] INFO  com.busyqa.tests.EcommTest - Running tests in Chrome Browser
2023-08-03 19:58:32.261 [main] INFO  com.busyqa.tests.EcommTest - Running tests in Chrome Browser
2023-08-03 19:58:44.426 [main] INFO  com.busyqa.tests.EcommTest - Running tests in Chrome Browser
2023-08-03 20:04:19.089 [main] INFO  com.busyqa.tests.EcommTest - Initiating the Extent reports
2023-08-03 20:04:20.517 [main] INFO  com.busyqa.tests.EcommTest - Running in envSTAGING
2023-08-03 20:04:20.517 [main] INFO  com.busyqa.tests.EcommTest - Initiating the Ecom Tests
2023-08-03 20:04:20.550 [main] INFO  com.busyqa.tests.EcommTest - Running tests in Chrome Browser
2023-08-03 20:04:32.735 [main] INFO  com.busyqa.tests.EcommTest - Running tests in Chrome Browser
2023-08-03 20:05:03.436 [main] INFO  com.busyqa.tests.EcommTest - Running tests in Chrome Browser
2023-08-03 20:05:33.093 [main] INFO  com.busyqa.tests.EcommTest - Running tests in Chrome Browser
2023-08-03 20:06:02.366 [main] INFO  com.busyqa.tests.EcommTest - Running tests in Chrome Browser
2023-08-03 20:06:32.088 [main] INFO  com.busyqa.tests.EcommTest - Running tests in Chrome Browser
2023-08-03 20:37:50.480 [main] INFO  com.busyqa.tests.EcommTest - Initiating the Extent reports
2023-08-03 20:37:51.233 [main] INFO  com.busyqa.tests.EcommTest - Running in envSTAGING
2023-08-03 20:37:51.233 [main] INFO  com.busyqa.tests.EcommTest - Initiating the Ecom Tests
2023-08-03 20:37:51.260 [main] INFO  com.busyqa.tests.EcommTest - Running tests in Chrome Browser
2023-08-03 20:37:58.906 [main] INFO  com.busyqa.tests.EcommTest - Running tests in Chrome Browser
2023-08-03 20:38:08.945 [main] INFO  com.busyqa.tests.EcommTest - Running tests in Chrome Browser
2023-08-03 20:38:18.759 [main] INFO  com.busyqa.tests.EcommTest - Running tests in Chrome Browser
2023-08-03 20:38:28.972 [main] INFO  com.busyqa.tests.EcommTest - Running tests in Chrome Browser
2023-08-03 20:38:39.465 [main] INFO  com.busyqa.tests.EcommTest - Running tests in Chrome Browser
2023-08-03 20:42:22.864 [main] INFO  com.busyqa.tests.EcommTest - Initiating the Extent reports
2023-08-03 20:42:23.678 [main] INFO  com.busyqa.tests.EcommTest - Running in envSTAGING
2023-08-03 20:42:23.678 [main] INFO  com.busyqa.tests.EcommTest - Initiating the Ecom Tests
2023-08-03 20:42:23.710 [main] INFO  com.busyqa.tests.EcommTest - Running tests in Chrome Browser
2023-08-03 20:42:31.596 [main] INFO  com.busyqa.tests.EcommTest - Running tests in Chrome Browser
2023-08-03 20:42:41.297 [main] INFO  com.busyqa.tests.EcommTest - Running tests in Chrome Browser
2023-08-03 20:42:51.404 [main] INFO  com.busyqa.tests.EcommTest - Running tests in Chrome Browser
2023-08-03 20:43:02.170 [main] INFO  com.busyqa.tests.EcommTest - Running tests in Chrome Browser
2023-08-03 20:43:12.056 [main] INFO  com.busyqa.tests.EcommTest - Running tests in Chrome Browser
2023-08-03 20:43:33.043 [main] INFO  com.busyqa.tests.EcommTest - Initiating the Extent reports
2023-08-03 20:43:33.839 [main] INFO  com.busyqa.tests.EcommTest - Running in envSTAGING
2023-08-03 20:43:33.839 [main] INFO  com.busyqa.tests.EcommTest - Initiating the Ecom Tests
2023-08-03 20:43:33.872 [main] INFO  com.busyqa.tests.EcommTest - Running tests in Chrome Browser
2023-08-03 20:43:41.191 [TestNG-PoolService-0] INFO  com.busyqa.tests.EcommTest - Running tests in Chrome Browser
2023-08-03 20:43:41.195 [TestNG-PoolService-1] INFO  com.busyqa.tests.EcommTest - Running tests in Chrome Browser
2023-08-03 20:43:56.367 [TestNG-PoolService-1] INFO  com.busyqa.tests.EcommTest - Running tests in Chrome Browser
2023-08-03 20:43:56.367 [TestNG-PoolService-0] INFO  com.busyqa.tests.EcommTest - Running tests in Chrome Browser
2023-08-03 20:44:13.121 [TestNG-PoolService-1] INFO  com.busyqa.tests.EcommTest - Running tests in Chrome Browser
